<?xml version="1.0" encoding="UTF-8"?>
<!-- Generated by org.testng.reporters.JUnitXMLReporter -->
<testsuite ignored="2" hostname="DESKTOP-1CCS179" failures="3" tests="4" name="RegressionTest" time="30.492" errors="0" timestamp="2024-06-11T19:33:49 IST">
  <testcase classname="com.opencart.testLayer.LoginTest" name="verifyLoginTestWithInvalidDetails" time="1.59">
    <failure type="java.lang.AssertionError" message="expected [Warning: No match for E-Mail Address and/or Password.] but found [Warning: Your account has exceeded allowed number of login attempts. Please try again in 1 hour.]">
      <![CDATA[java.lang.AssertionError: expected [Warning: No match for E-Mail Address and/or Password.] but found [Warning: Your account has exceeded allowed number of login attempts. Please try again in 1 hour.]
at com.opencart.testLayer.LoginTest.verifyLoginTestWithInvalidDetails(LoginTest.java:57)
at java.base/java.util.ArrayList.forEach(ArrayList.java:1511)
... Removed 33 stack frames]]>
    </failure>
  </testcase> <!-- verifyLoginTestWithInvalidDetails -->
  <testcase classname="com.opencart.testLayer.LoginTest" name="verifyLoginTestWithValidDetails" time="1.681">
    <failure type="java.lang.AssertionError" message="expected [My Account] but found [Account Login]">
      <![CDATA[java.lang.AssertionError: expected [My Account] but found [Account Login]
at com.opencart.testLayer.LoginTest.verifyLoginTestWithValidDetails(LoginTest.java:33)
at java.base/java.util.ArrayList.forEach(ArrayList.java:1511)
... Removed 33 stack frames]]>
    </failure>
  </testcase> <!-- verifyLoginTestWithValidDetails -->
  <testcase classname="com.opencart.testLayer.RegisterTest" name="verifyRegisterTestWithExistingAccountDetails" time="2.203"/>
  <testcase classname="com.opencart.testLayer.RegisterTest" name="verifyRegisterTestWithValidDetails" time="2.401">
    <failure type="java.lang.AssertionError" message="expected [Your Account Has Been Created!] but found [Register Account]">
      <![CDATA[java.lang.AssertionError: expected [Your Account Has Been Created!] but found [Register Account]
at com.opencart.testLayer.RegisterTest.verifyRegisterTestWithValidDetails(RegisterTest.java:36)
at java.base/java.util.ArrayList.forEach(ArrayList.java:1511)
... Removed 33 stack frames]]>
    </failure>
  </testcase> <!-- verifyRegisterTestWithValidDetails -->
  <testcase classname="com.opencart.testBase.TestBase" name="@BeforeTest start" time="0.0">
    <ignored/>
  </testcase> <!-- @BeforeTest start -->
  <testcase classname="com.opencart.testBase.TestBase" name="@AfterTest end" time="0.0">
    <ignored/>
  </testcase> <!-- @AfterTest end -->
</testsuite> <!-- RegressionTest -->
